TN:
SF:C:\Users\leticia.campos\Documents\Leticia\desafio-vortx-api\frontend\src\polyfills.ts
FNF:0
FNH:0
LF:0
LH:0
BRF:0
BRH:0
end_of_record
TN:
SF:C:\Users\leticia.campos\Documents\Leticia\desafio-vortx-api\frontend\src\test.ts
FNF:0
FNH:0
DA:18,1
DA:23,1
DA:25,1
LF:3
LH:3
BRF:0
BRH:0
end_of_record
TN:
SF:C:\Users\leticia.campos\Documents\Leticia\desafio-vortx-api\frontend\src\app\app.component.ts
FNF:0
FNH:0
DA:8,1
LF:1
LH:1
BRF:0
BRH:0
end_of_record
TN:
SF:C:\Users\leticia.campos\Documents\Leticia\desafio-vortx-api\frontend\src\app\core\footer\footer.component.ts
FNF:0
FNH:0
DA:8,1
LF:1
LH:1
BRF:0
BRH:0
end_of_record
TN:
SF:C:\Users\leticia.campos\Documents\Leticia\desafio-vortx-api\frontend\src\app\core\header\header.component.ts
FNF:0
FNH:0
DA:8,1
DA:10,1
DA:11,1
LF:3
LH:3
BRF:0
BRH:0
end_of_record
TN:
SF:C:\Users\leticia.campos\Documents\Leticia\desafio-vortx-api\frontend\src\app\dashboard\dashboard.component.ts
FNF:0
FNH:0
DA:8,1
LF:1
LH:1
BRF:0
BRH:0
end_of_record
TN:
SF:C:\Users\leticia.campos\Documents\Leticia\desafio-vortx-api\frontend\src\app\dashboard\dashboard.module.ts
FNF:0
FNH:0
DA:28,1
LF:1
LH:1
BRF:0
BRH:0
end_of_record
TN:
SF:C:\Users\leticia.campos\Documents\Leticia\desafio-vortx-api\frontend\src\app\dashboard\dashboard-filter\dashboard-filter.component.ts
FN:15,(anonymous_0)
FN:17,(anonymous_1)
FN:21,(anonymous_2)
FN:23,(anonymous_4)
FNF:4
FNH:4
FNDA:2,(anonymous_0)
FNDA:2,(anonymous_1)
FNDA:3,(anonymous_2)
FNDA:1,(anonymous_4)
DA:11,1
DA:15,2
DA:18,2
DA:22,3
DA:24,1
LF:5
LH:5
BRF:0
BRH:0
end_of_record
TN:
SF:C:\Users\leticia.campos\Documents\Leticia\desafio-vortx-api\frontend\src\app\services\services.service.ts
FN:15,(anonymous_0)
FN:21,(anonymous_1)
FN:28,(anonymous_2)
FNF:3
FNH:2
FNDA:2,(anonymous_0)
FNDA:2,(anonymous_1)
FNDA:0,(anonymous_2)
DA:8,1
DA:13,1
DA:15,2
DA:17,2
DA:22,2
DA:29,0
DA:30,0
DA:31,0
DA:33,0
DA:35,0
LF:10
LH:5
BRDA:30,0,0,0
BRDA:30,0,1,0
BRF:2
BRH:0
end_of_record
